	* simulation de-mosfet nmos model

     2 : .global gnd
     3 : vgs vg 0 dc 6
     4 : m1 vd vg 0 0 ixtt20n50d
     6 : vds vd 0 dc 21
    11 : .model ixtt20n50d nmos m level=3 l=2.0000e-6 w=5.5000 kp=1.0446e-6 rs=1.0000e-3 rd=.22202 vto=-1 rds=20.000e6 tox=2.0000e-6 cgso=6.3e-9 cgdo=82e-12 cbd=4.8729e-9 mj=1.5000 pb=2.6055 rg=10.000e-3 is=25e-6 n=2.0283 rb=1.0000e-9 gamma=0 kappa=0
    13 : .control
    15 : listing > de-mosfet.lst
    17 : op
    18 : rusage everything > op_de-mosfet.ope
    19 : print v(vd) v(vg) > op_de-mosfet.txt
    20 : display > op_de-mosfet.var
    21 : .endc
    26 : .control
    27 : dc vgs -2 0.5 0.01
    28 : gnuplot graf_id_vs_vgs_de-mosfet -i(vds)
    29 : .endc
    32 : .control
    33 : dc vds 0 10 0.05 vgs -2 2 0.5
    34 : gnuplot graf_id_vs_vds_de-mosfet -i(vds)
    35 : .endc
    37 : .control
    38 : dc vds 0 40 0.1 vgs -1 2 0.5
    39 : gnuplot graf_saturacion_de-mosfet -i(vds)
    40 : .endc
    42 : .end
